2021-11-15 15:39:10,063 - root - INFO - Parsing CLI args...
2021-11-15 15:39:10,064 - root - INFO - Building discriminator model...
2021-11-15 15:39:10,441 - root - INFO - Building generator model...
2021-11-15 15:39:13,599 - root - INFO - Building GAN model...
2021-11-15 15:39:14,700 - root - INFO - Loading real dataset...
2021-11-15 15:39:14,707 - root - INFO - Loading undersampled dataset...
2021-11-15 15:39:14,712 - root - INFO - Starting training...
2021-11-15 15:39:34,616 - root - INFO - Parsing CLI args...
2021-11-15 15:39:34,617 - root - INFO - Building discriminator model...
2021-11-15 15:39:35,020 - root - INFO - Building generator model...
2021-11-15 15:39:38,258 - root - INFO - Building GAN model...
2021-11-15 15:39:39,319 - root - INFO - Loading real dataset...
2021-11-15 15:39:39,325 - root - INFO - Loading undersampled dataset...
2021-11-15 15:39:39,330 - root - INFO - Starting training...
2021-11-15 15:40:10,523 - root - INFO - Parsing CLI args...
2021-11-15 15:40:10,524 - root - INFO - Building discriminator model...
2021-11-15 15:40:10,926 - root - INFO - Building generator model...
2021-11-15 15:40:14,200 - root - INFO - Building GAN model...
2021-11-15 15:40:15,294 - root - INFO - Loading real dataset...
2021-11-15 15:40:15,297 - root - INFO - Loading undersampled dataset...
2021-11-15 15:40:15,306 - root - INFO - Starting training...
2021-11-15 15:40:15,306 - root - INFO - Training complete!
2021-11-30 11:17:16,359 - root - INFO - Parsing CLI args...
2021-11-30 11:17:16,362 - root - INFO - Building discriminator model...
2021-11-30 11:17:16,984 - root - INFO - Building generator model...
2021-11-30 11:17:20,433 - root - INFO - Building GAN model...
2021-11-30 11:17:21,695 - root - INFO - Loading real dataset...
2021-11-30 11:17:22,410 - root - INFO - Loading undersampled dataset...
2021-11-30 11:17:22,641 - root - INFO - Starting training...
2021-11-30 11:17:22,641 - root - INFO - Saving example of image generated at end of epoch 0...
2021-11-30 11:18:40,450 - root - INFO - Parsing CLI args...
2021-11-30 11:18:40,452 - root - INFO - Building discriminator model...
2021-11-30 11:18:40,878 - root - INFO - Building generator model...
2021-11-30 11:18:44,280 - root - INFO - Building GAN model...
2021-11-30 11:18:45,519 - root - INFO - Loading real dataset...
2021-11-30 11:18:45,528 - root - INFO - Loading undersampled dataset...
2021-11-30 11:18:45,542 - root - INFO - Starting training...
2021-11-30 11:18:45,543 - root - INFO - Saving example of image generated at end of epoch 0...
2021-11-30 11:21:26,539 - root - INFO - Parsing CLI args...
2021-11-30 11:21:26,542 - root - INFO - Building discriminator model...
2021-11-30 11:21:26,959 - root - INFO - Building generator model...
2021-11-30 11:21:30,413 - root - INFO - Building GAN model...
2021-11-30 11:21:31,636 - root - INFO - Loading real dataset...
2021-11-30 11:21:31,644 - root - INFO - Loading undersampled dataset...
2021-11-30 11:21:31,658 - root - INFO - Starting training...
2021-11-30 11:21:31,658 - root - INFO - Saving example of image generated at end of epoch 0...
2021-11-30 11:24:34,902 - root - INFO - Parsing CLI args...
2021-11-30 11:24:34,904 - root - INFO - Building discriminator model...
2021-11-30 11:24:35,337 - root - INFO - Building generator model...
2021-11-30 11:24:38,760 - root - INFO - Building GAN model...
2021-11-30 11:24:39,995 - root - INFO - Loading real dataset...
2021-11-30 11:24:40,003 - root - INFO - Real dataset loaded with shape: (1, 256, 256, 1)...
2021-11-30 11:24:40,003 - root - INFO - Loading undersampled dataset...
2021-11-30 11:24:40,017 - root - INFO - Unsampled dataset loaded with shape: (1, 256, 256, 1)...
2021-11-30 11:24:40,017 - root - INFO - Starting training...
2021-11-30 11:24:40,017 - root - INFO - Saving example of image generated at end of epoch 0...
2021-11-30 11:26:13,425 - root - INFO - Parsing CLI args...
2021-11-30 11:26:13,428 - root - INFO - Building discriminator model...
2021-11-30 11:26:13,831 - root - INFO - Building generator model...
2021-11-30 11:26:17,397 - root - INFO - Building GAN model...
2021-11-30 11:26:18,754 - root - INFO - Loading real dataset...
2021-11-30 11:26:18,762 - root - INFO - Real dataset loaded with shape: (10, 256, 256, 1)...
2021-11-30 11:26:18,762 - root - INFO - Loading undersampled dataset...
2021-11-30 11:26:18,776 - root - INFO - Unsampled dataset loaded with shape: (10, 256, 256, 1)...
2021-11-30 11:26:18,779 - root - INFO - Starting training...
2021-11-30 11:26:18,779 - root - INFO - Saving example of image generated at end of epoch 0...
2021-11-30 11:27:24,939 - root - INFO - Parsing CLI args...
2021-11-30 11:27:24,942 - root - INFO - Building discriminator model...
2021-11-30 11:27:25,351 - root - INFO - Building generator model...
2021-11-30 11:27:28,820 - root - INFO - Building GAN model...
2021-11-30 11:27:30,063 - root - INFO - Loading real dataset...
2021-11-30 11:27:30,071 - root - INFO - Real dataset loaded with shape: (25, 256, 256, 1)...
2021-11-30 11:27:30,071 - root - INFO - Loading undersampled dataset...
2021-11-30 11:27:30,085 - root - INFO - Unsampled dataset loaded with shape: (25, 256, 256, 1)...
2021-11-30 11:27:30,099 - root - INFO - Starting training...
2021-11-30 11:27:30,099 - root - INFO - Saving example of image generated at end of epoch 0...
2021-11-30 11:28:16,794 - root - INFO - Parsing CLI args...
2021-11-30 11:28:16,796 - root - INFO - Building discriminator model...
2021-11-30 11:28:17,228 - root - INFO - Building generator model...
2021-11-30 11:28:20,823 - root - INFO - Building GAN model...
2021-11-30 11:28:22,085 - root - INFO - Loading real dataset...
2021-11-30 11:28:22,093 - root - INFO - Real dataset loaded with shape: (25, 256, 256, 1)...
2021-11-30 11:28:22,093 - root - INFO - Loading undersampled dataset...
2021-11-30 11:28:22,107 - root - INFO - Unsampled dataset loaded with shape: (25, 256, 256, 1)...
2021-11-30 11:28:22,121 - root - INFO - Starting training...
2021-11-30 11:28:53,664 - root - INFO - Epoch: 1, Batch: 1/2, Disc Loss: -0.21383443474769592, Accuracy: 0.02500000037252903,  Gen Loss: 0.003263420658186078,  MAE: 13.125994682312012,  Gen Sim Loss: 0.999136745929718, GAN Loss: 263.5190734863281
2021-11-30 11:29:04,005 - root - INFO - Epoch: 1, Batch: 2/2, Disc Loss: -0.34822019934654236, Accuracy: 0.13750000298023224,  Gen Loss: 0.0035497103817760944,  MAE: 12.723664283752441,  Gen Sim Loss: 0.9988812208175659, GAN Loss: 255.47219848632812
2021-11-30 11:29:04,005 - root - INFO - Saving example of image generated at end of epoch 0...
2021-11-30 11:29:14,640 - root - INFO - Epoch: 2, Batch: 1/2, Disc Loss: -0.4623727798461914, Accuracy: 0.35624998807907104,  Gen Loss: 0.0030278582125902176,  MAE: 12.600837707519531,  Gen Sim Loss: 0.9981632232666016, GAN Loss: 253.0149383544922
2021-11-30 11:30:10,398 - root - INFO - Parsing CLI args...
2021-11-30 11:30:10,401 - root - INFO - Building discriminator model...
2021-11-30 11:30:10,822 - root - INFO - Building generator model...
2021-11-30 11:30:14,374 - root - INFO - Building GAN model...
2021-11-30 11:30:15,642 - root - INFO - Loading real dataset...
2021-11-30 11:30:15,651 - root - INFO - Real dataset loaded with shape: (25, 256, 256, 1)...
2021-11-30 11:30:15,651 - root - INFO - Loading undersampled dataset...
2021-11-30 11:30:15,666 - root - INFO - Unsampled dataset loaded with shape: (25, 256, 256, 1)...
2021-11-30 11:30:15,678 - root - INFO - Starting training...
2021-11-30 11:30:46,148 - root - INFO - Epoch: 1, Batch: 1/2, Disc Loss: -0.2507973909378052, Accuracy: 0.09375,  Gen Loss: 0.0013381807366386056,  MAE: 13.072671890258789,  Gen Sim Loss: 0.9982113838195801, GAN Loss: 262.45166015625
2021-11-30 11:30:56,810 - root - INFO - Epoch: 1, Batch: 2/2, Disc Loss: -0.36868011951446533, Accuracy: 0.1875,  Gen Loss: -0.0007558580255135894,  MAE: 12.733017921447754,  Gen Sim Loss: 0.9966298341751099, GAN Loss: 255.656982421875
2021-11-30 11:30:56,810 - root - INFO - Saving example of image generated at end of epoch 0...
2021-11-30 11:31:08,237 - root - INFO - Epoch: 2, Batch: 1/2, Disc Loss: -0.4612804353237152, Accuracy: 0.26249998807907104,  Gen Loss: -0.0046364013105630875,  MAE: 12.077752113342285,  Gen Sim Loss: 0.9902427792549133, GAN Loss: 242.5452423095703
2021-11-30 11:31:18,722 - root - INFO - Epoch: 2, Batch: 2/2, Disc Loss: -0.5763336420059204, Accuracy: 0.48750001192092896,  Gen Loss: -0.00912997405976057,  MAE: 12.497159004211426,  Gen Sim Loss: 0.9549339413642883, GAN Loss: 250.8980255126953
2021-11-30 11:31:18,722 - root - INFO - Saving example of image generated at end of epoch 1...
2021-11-30 11:31:29,019 - root - INFO - Epoch: 3, Batch: 1/2, Disc Loss: -0.6796371340751648, Accuracy: 0.53125,  Gen Loss: -0.014209330081939697,  MAE: 11.456430435180664,  Gen Sim Loss: 0.8462632298469543, GAN Loss: 229.97470092773438
2021-11-30 11:31:39,509 - root - INFO - Epoch: 3, Batch: 2/2, Disc Loss: -0.788314163684845, Accuracy: 0.8500000238418579,  Gen Loss: -0.02013581432402134,  MAE: 13.546468734741211,  Gen Sim Loss: 0.8453510403633118, GAN Loss: 271.7745361328125
2021-11-30 11:31:39,509 - root - INFO - Saving example of image generated at end of epoch 2...
2021-11-30 11:31:49,896 - root - INFO - Epoch: 4, Batch: 1/2, Disc Loss: -0.892102062702179, Accuracy: 0.856249988079071,  Gen Loss: -0.02669987641274929,  MAE: 13.489450454711914,  Gen Sim Loss: 0.8181768655776978, GAN Loss: 270.6069030761719
2021-11-30 11:32:00,185 - root - INFO - Epoch: 4, Batch: 2/2, Disc Loss: -1.0147616863250732, Accuracy: 0.875,  Gen Loss: -0.03406529873609543,  MAE: 13.273771286010742,  Gen Sim Loss: 0.8324036598205566, GAN Loss: 266.3074951171875
2021-11-30 11:32:00,185 - root - INFO - Saving example of image generated at end of epoch 3...
2021-11-30 11:32:10,252 - root - INFO - Epoch: 5, Batch: 1/2, Disc Loss: -1.1456117630004883, Accuracy: 1.0,  Gen Loss: -0.04219157621264458,  MAE: 12.17573356628418,  Gen Sim Loss: 0.7472816109657288, GAN Loss: 244.2615203857422
2021-11-30 11:32:20,688 - root - INFO - Epoch: 5, Batch: 2/2, Disc Loss: -1.2728402614593506, Accuracy: 1.0,  Gen Loss: -0.050544627010822296,  MAE: 12.588430404663086,  Gen Sim Loss: 0.8041011095046997, GAN Loss: 252.5722198486328
2021-11-30 11:32:20,688 - root - INFO - Saving example of image generated at end of epoch 4...
2021-11-30 11:32:30,974 - root - INFO - Epoch: 6, Batch: 1/2, Disc Loss: -1.4049460887908936, Accuracy: 1.0,  Gen Loss: -0.059882938861846924,  MAE: 13.694940567016602,  Gen Sim Loss: 0.7740235924720764, GAN Loss: 274.6722412109375
2021-11-30 11:32:41,115 - root - INFO - Epoch: 6, Batch: 2/2, Disc Loss: -1.5372766256332397, Accuracy: 1.0,  Gen Loss: -0.06926802545785904,  MAE: 11.931538581848145,  Gen Sim Loss: 0.8325005769729614, GAN Loss: 239.4625701904297
2021-11-30 11:32:41,115 - root - INFO - Saving example of image generated at end of epoch 5...
2021-11-30 11:32:52,041 - root - INFO - Epoch: 7, Batch: 1/2, Disc Loss: -1.674494743347168, Accuracy: 1.0,  Gen Loss: -0.07933278381824493,  MAE: 12.27071762084961,  Gen Sim Loss: 0.7681357860565186, GAN Loss: 246.1816864013672
2021-11-30 11:33:02,327 - root - INFO - Epoch: 7, Batch: 2/2, Disc Loss: -1.8136978149414062, Accuracy: 1.0,  Gen Loss: -0.08911625295877457,  MAE: 11.508734703063965,  Gen Sim Loss: 0.743988573551178, GAN Loss: 230.9178009033203
2021-11-30 11:33:02,328 - root - INFO - Saving example of image generated at end of epoch 6...
2021-11-30 11:33:12,795 - root - INFO - Epoch: 8, Batch: 1/2, Disc Loss: -1.9544681310653687, Accuracy: 1.0,  Gen Loss: -0.09902161359786987,  MAE: 13.009332656860352,  Gen Sim Loss: 0.7857767343521118, GAN Loss: 260.971435546875
2021-11-30 11:33:23,111 - root - INFO - Epoch: 8, Batch: 2/2, Disc Loss: -2.1010396480560303, Accuracy: 1.0,  Gen Loss: -0.10825356096029282,  MAE: 12.380440711975098,  Gen Sim Loss: 0.8366295099258423, GAN Loss: 248.44436645507812
2021-11-30 11:33:23,111 - root - INFO - Saving example of image generated at end of epoch 7...
2021-11-30 11:33:33,491 - root - INFO - Epoch: 9, Batch: 1/2, Disc Loss: -2.247370481491089, Accuracy: 1.0,  Gen Loss: -0.11701269447803497,  MAE: 11.326680183410645,  Gen Sim Loss: 0.7418333888053894, GAN Loss: 227.27426147460938
2021-11-30 11:33:43,825 - root - INFO - Epoch: 9, Batch: 2/2, Disc Loss: -2.4025895595550537, Accuracy: 1.0,  Gen Loss: -0.12501096725463867,  MAE: 12.335963249206543,  Gen Sim Loss: 0.7590345740318298, GAN Loss: 247.47705078125
2021-11-30 11:33:43,825 - root - INFO - Saving example of image generated at end of epoch 8...
2021-11-30 11:33:53,951 - root - INFO - Epoch: 10, Batch: 1/2, Disc Loss: -2.5599350929260254, Accuracy: 1.0,  Gen Loss: -0.13145217299461365,  MAE: 10.771721839904785,  Gen Sim Loss: 0.8210247159004211, GAN Loss: 216.254150390625
2021-11-30 11:34:04,095 - root - INFO - Epoch: 10, Batch: 2/2, Disc Loss: -2.7220687866210938, Accuracy: 1.0,  Gen Loss: -0.13685795664787292,  MAE: 12.576705932617188,  Gen Sim Loss: 0.7819634675979614, GAN Loss: 252.31472778320312
2021-11-30 11:34:04,095 - root - INFO - Saving example of image generated at end of epoch 9...
2021-11-30 11:34:15,510 - root - INFO - Epoch: 11, Batch: 1/2, Disc Loss: -2.8890788555145264, Accuracy: 1.0,  Gen Loss: -0.14126427471637726,  MAE: 12.075910568237305,  Gen Sim Loss: 0.7992036938667297, GAN Loss: 242.31600952148438
2021-11-30 11:34:25,557 - root - INFO - Epoch: 11, Batch: 2/2, Disc Loss: -3.0599868297576904, Accuracy: 1.0,  Gen Loss: -0.14498688280582428,  MAE: 11.508633613586426,  Gen Sim Loss: 0.8230832815170288, GAN Loss: 230.9943084716797
2021-11-30 11:34:25,557 - root - INFO - Saving example of image generated at end of epoch 10...
2021-11-30 11:34:35,803 - root - INFO - Epoch: 12, Batch: 1/2, Disc Loss: -3.2353262901306152, Accuracy: 1.0,  Gen Loss: -0.14674623310565948,  MAE: 11.114073753356934,  Gen Sim Loss: 0.7085406184196472, GAN Loss: 222.98855590820312
2021-11-30 11:34:45,964 - root - INFO - Epoch: 12, Batch: 2/2, Disc Loss: -3.4157955646514893, Accuracy: 1.0,  Gen Loss: -0.14585256576538086,  MAE: 12.094120979309082,  Gen Sim Loss: 0.7076063752174377, GAN Loss: 242.5885772705078
2021-11-30 11:34:45,964 - root - INFO - Saving example of image generated at end of epoch 11...
2021-11-30 11:34:56,684 - root - INFO - Epoch: 13, Batch: 1/2, Disc Loss: -3.6006598472595215, Accuracy: 1.0,  Gen Loss: -0.143231600522995,  MAE: 14.0514554977417,  Gen Sim Loss: 0.8773665428161621, GAN Loss: 281.9050598144531
2021-11-30 11:35:06,929 - root - INFO - Epoch: 13, Batch: 2/2, Disc Loss: -3.7900071144104004, Accuracy: 1.0,  Gen Loss: -0.1367320567369461,  MAE: 12.58745288848877,  Gen Sim Loss: 0.8226842880249023, GAN Loss: 252.5703582763672
2021-11-30 11:35:06,929 - root - INFO - Saving example of image generated at end of epoch 12...
2021-11-30 11:35:17,394 - root - INFO - Epoch: 14, Batch: 1/2, Disc Loss: -3.9831957817077637, Accuracy: 1.0,  Gen Loss: -0.1312253773212433,  MAE: 12.711202621459961,  Gen Sim Loss: 0.7804605960845947, GAN Loss: 255.00320434570312
2021-11-30 11:35:27,615 - root - INFO - Epoch: 14, Batch: 2/2, Disc Loss: -4.181304454803467, Accuracy: 1.0,  Gen Loss: -0.11775539815425873,  MAE: 11.406946182250977,  Gen Sim Loss: 0.8165673017501831, GAN Loss: 228.9542999267578
2021-11-30 11:35:27,615 - root - INFO - Saving example of image generated at end of epoch 13...
2021-11-30 11:35:37,936 - root - INFO - Epoch: 15, Batch: 1/2, Disc Loss: -4.384861946105957, Accuracy: 1.0,  Gen Loss: -0.10972797870635986,  MAE: 13.472050666809082,  Gen Sim Loss: 0.87531977891922, GAN Loss: 270.31524658203125
2021-11-30 11:35:48,940 - root - INFO - Epoch: 15, Batch: 2/2, Disc Loss: -4.591475486755371, Accuracy: 1.0,  Gen Loss: -0.08866027742624283,  MAE: 12.620257377624512,  Gen Sim Loss: 0.7456984519958496, GAN Loss: 253.1499481201172
2021-11-30 11:35:48,940 - root - INFO - Saving example of image generated at end of epoch 14...
2021-11-30 11:35:59,755 - root - INFO - Epoch: 16, Batch: 1/2, Disc Loss: -4.802468776702881, Accuracy: 1.0,  Gen Loss: -0.07210252434015274,  MAE: 13.436810493469238,  Gen Sim Loss: 0.8047548532485962, GAN Loss: 269.5402526855469
2021-11-30 11:36:10,281 - root - INFO - Epoch: 16, Batch: 2/2, Disc Loss: -5.018337726593018, Accuracy: 1.0,  Gen Loss: -0.05760697275400162,  MAE: 12.792949676513672,  Gen Sim Loss: 0.793653666973114, GAN Loss: 256.6520690917969
2021-11-30 11:36:10,281 - root - INFO - Saving example of image generated at end of epoch 15...
2021-11-30 11:36:20,744 - root - INFO - Epoch: 17, Batch: 1/2, Disc Loss: -5.238267421722412, Accuracy: 1.0,  Gen Loss: -0.03626169636845589,  MAE: 11.058876037597656,  Gen Sim Loss: 0.8698931932449341, GAN Loss: 222.0470733642578
2021-11-30 11:36:31,345 - root - INFO - Epoch: 17, Batch: 2/2, Disc Loss: -5.461658477783203, Accuracy: 1.0,  Gen Loss: -0.020365625619888306,  MAE: 12.192026138305664,  Gen Sim Loss: 0.7647462487220764, GAN Loss: 244.6050567626953
2021-11-30 11:36:31,345 - root - INFO - Saving example of image generated at end of epoch 16...
2021-11-30 11:36:41,323 - root - INFO - Epoch: 18, Batch: 1/2, Disc Loss: -5.689908981323242, Accuracy: 1.0,  Gen Loss: -0.0013227348681539297,  MAE: 11.859575271606445,  Gen Sim Loss: 0.822324275970459, GAN Loss: 238.01382446289062
2021-11-30 11:36:51,872 - root - INFO - Epoch: 18, Batch: 2/2, Disc Loss: -5.921739101409912, Accuracy: 1.0,  Gen Loss: 0.013446299359202385,  MAE: 14.213373184204102,  Gen Sim Loss: 0.8691798448562622, GAN Loss: 285.13677978515625
2021-11-30 11:36:51,873 - root - INFO - Saving example of image generated at end of epoch 17...
2021-11-30 11:37:02,148 - root - INFO - Epoch: 19, Batch: 1/2, Disc Loss: -6.157645225524902, Accuracy: 1.0,  Gen Loss: 0.04433577507734299,  MAE: 11.987070083618164,  Gen Sim Loss: 0.80632483959198, GAN Loss: 240.5481414794922
2021-11-30 11:37:12,153 - root - INFO - Epoch: 19, Batch: 2/2, Disc Loss: -6.397002220153809, Accuracy: 1.0,  Gen Loss: 0.04171847552061081,  MAE: 12.847490310668945,  Gen Sim Loss: 0.864730954170227, GAN Loss: 257.81494140625
2021-11-30 11:37:12,153 - root - INFO - Saving example of image generated at end of epoch 18...
2021-11-30 11:37:22,368 - root - INFO - Epoch: 20, Batch: 1/2, Disc Loss: -6.640013217926025, Accuracy: 1.0,  Gen Loss: 0.07324262708425522,  MAE: 10.657029151916504,  Gen Sim Loss: 0.8494638204574585, GAN Loss: 213.9907684326172
2021-11-30 11:37:32,184 - root - INFO - Epoch: 20, Batch: 2/2, Disc Loss: -6.8859052658081055, Accuracy: 1.0,  Gen Loss: 0.06567078828811646,  MAE: 11.722387313842773,  Gen Sim Loss: 0.7662386894226074, GAN Loss: 235.2146453857422
2021-11-30 11:37:32,184 - root - INFO - Saving example of image generated at end of epoch 19...
2021-11-30 11:37:42,412 - root - INFO - Epoch: 21, Batch: 1/2, Disc Loss: -7.13443660736084, Accuracy: 1.0,  Gen Loss: 0.07189178466796875,  MAE: 11.604599952697754,  Gen Sim Loss: 0.8233442306518555, GAN Loss: 232.9160614013672
2021-11-30 11:37:52,717 - root - INFO - Epoch: 21, Batch: 2/2, Disc Loss: -7.385385036468506, Accuracy: 1.0,  Gen Loss: 0.05046126991510391,  MAE: 12.352911949157715,  Gen Sim Loss: 0.819661021232605, GAN Loss: 247.87838745117188
2021-11-30 11:37:52,717 - root - INFO - Saving example of image generated at end of epoch 20...
2021-11-30 11:38:03,090 - root - INFO - Epoch: 22, Batch: 1/2, Disc Loss: -7.63879919052124, Accuracy: 1.0,  Gen Loss: 0.043782591819763184,  MAE: 13.675146102905273,  Gen Sim Loss: 0.8137615919113159, GAN Loss: 274.317138671875
2021-11-30 11:38:13,262 - root - INFO - Epoch: 22, Batch: 2/2, Disc Loss: -7.8936614990234375, Accuracy: 1.0,  Gen Loss: 0.029173677787184715,  MAE: 11.867691040039062,  Gen Sim Loss: 0.8309012651443481, GAN Loss: 238.1850128173828
2021-11-30 11:38:13,262 - root - INFO - Saving example of image generated at end of epoch 21...
2021-11-30 11:38:23,399 - root - INFO - Epoch: 23, Batch: 1/2, Disc Loss: -8.14887523651123, Accuracy: 1.0,  Gen Loss: -0.03462634235620499,  MAE: 12.729150772094727,  Gen Sim Loss: 0.9135459065437317, GAN Loss: 255.49618530273438
2021-11-30 11:38:37,719 - root - INFO - Epoch: 23, Batch: 2/2, Disc Loss: -8.404945373535156, Accuracy: 1.0,  Gen Loss: -0.06610258668661118,  MAE: 12.059488296508789,  Gen Sim Loss: 0.8217070698738098, GAN Loss: 242.0107879638672
2021-11-30 11:38:37,719 - root - INFO - Saving example of image generated at end of epoch 22...
2021-11-30 11:38:49,670 - root - INFO - Epoch: 24, Batch: 1/2, Disc Loss: -8.659429550170898, Accuracy: 1.0,  Gen Loss: -0.022487271577119827,  MAE: 12.669595718383789,  Gen Sim Loss: 0.8569587469100952, GAN Loss: 254.24862670898438
2021-11-30 11:38:59,511 - root - INFO - Epoch: 24, Batch: 2/2, Disc Loss: -8.897439956665039, Accuracy: 1.0,  Gen Loss: -0.20825549960136414,  MAE: 12.6770601272583,  Gen Sim Loss: 0.7493934631347656, GAN Loss: 254.2885284423828
2021-11-30 11:38:59,511 - root - INFO - Saving example of image generated at end of epoch 23...
2021-11-30 11:39:09,429 - root - INFO - Epoch: 25, Batch: 1/2, Disc Loss: -9.162099838256836, Accuracy: 1.0,  Gen Loss: -0.2154311239719391,  MAE: 12.740503311157227,  Gen Sim Loss: 0.8679717779159546, GAN Loss: 255.67587280273438
2021-11-30 11:39:19,628 - root - INFO - Epoch: 25, Batch: 2/2, Disc Loss: -9.409326553344727, Accuracy: 1.0,  Gen Loss: -0.3506743311882019,  MAE: 13.744511604309082,  Gen Sim Loss: 0.8373507261276245, GAN Loss: 275.72406005859375
2021-11-30 11:39:19,628 - root - INFO - Saving example of image generated at end of epoch 24...
2021-11-30 11:39:29,302 - root - INFO - Epoch: 26, Batch: 1/2, Disc Loss: -9.644515991210938, Accuracy: 1.0,  Gen Loss: -0.3019845187664032,  MAE: 13.275555610656738,  Gen Sim Loss: 0.9413491487503052, GAN Loss: 266.4494323730469
2021-11-30 11:39:39,133 - root - INFO - Epoch: 26, Batch: 2/2, Disc Loss: -9.877482414245605, Accuracy: 1.0,  Gen Loss: -0.4106530249118805,  MAE: 12.973508834838867,  Gen Sim Loss: 0.9181371927261353, GAN Loss: 260.38421630859375
2021-11-30 11:39:39,133 - root - INFO - Saving example of image generated at end of epoch 25...
2021-11-30 11:39:49,306 - root - INFO - Epoch: 27, Batch: 1/2, Disc Loss: -10.114816665649414, Accuracy: 1.0,  Gen Loss: -0.35493746399879456,  MAE: 11.546831130981445,  Gen Sim Loss: 0.7786717414855957, GAN Loss: 231.7117156982422
2021-11-30 11:39:59,526 - root - INFO - Epoch: 27, Batch: 2/2, Disc Loss: -10.336810111999512, Accuracy: 1.0,  Gen Loss: -0.6052145957946777,  MAE: 12.837175369262695,  Gen Sim Loss: 0.9555131196975708, GAN Loss: 257.6929626464844
2021-11-30 11:39:59,526 - root - INFO - Saving example of image generated at end of epoch 26...
2021-11-30 11:40:09,196 - root - INFO - Epoch: 28, Batch: 1/2, Disc Loss: -10.543774604797363, Accuracy: 1.0,  Gen Loss: -0.7404383420944214,  MAE: 12.085371971130371,  Gen Sim Loss: 0.922116756439209, GAN Loss: 242.62216186523438
2021-11-30 11:40:19,209 - root - INFO - Epoch: 28, Batch: 2/2, Disc Loss: -10.741514205932617, Accuracy: 1.0,  Gen Loss: -1.1547064781188965,  MAE: 11.202329635620117,  Gen Sim Loss: 0.7490683794021606, GAN Loss: 224.7841339111328
2021-11-30 11:40:19,210 - root - INFO - Saving example of image generated at end of epoch 27...
2021-11-30 11:40:28,702 - root - INFO - Epoch: 29, Batch: 1/2, Disc Loss: -10.95410442352295, Accuracy: 1.0,  Gen Loss: -0.7645254135131836,  MAE: 12.863635063171387,  Gen Sim Loss: 0.8911720514297485, GAN Loss: 258.1562194824219
2021-11-30 11:40:38,469 - root - INFO - Epoch: 29, Batch: 2/2, Disc Loss: -11.146489143371582, Accuracy: 1.0,  Gen Loss: -1.3839606046676636,  MAE: 12.752747535705566,  Gen Sim Loss: 0.7793176174163818, GAN Loss: 255.82040405273438
2021-11-30 11:40:38,469 - root - INFO - Saving example of image generated at end of epoch 28...
2021-11-30 11:40:48,530 - root - INFO - Epoch: 30, Batch: 1/2, Disc Loss: -11.345224380493164, Accuracy: 1.0,  Gen Loss: -0.871588408946991,  MAE: 12.19981861114502,  Gen Sim Loss: 0.7134649157524109, GAN Loss: 244.7011260986328
2021-11-30 11:40:58,470 - root - INFO - Epoch: 30, Batch: 2/2, Disc Loss: -11.520498275756836, Accuracy: 1.0,  Gen Loss: -1.4803968667984009,  MAE: 12.879328727722168,  Gen Sim Loss: 0.8135179281234741, GAN Loss: 258.3852844238281
2021-11-30 11:40:58,470 - root - INFO - Saving example of image generated at end of epoch 29...
2021-11-30 11:41:08,161 - root - INFO - Epoch: 31, Batch: 1/2, Disc Loss: -11.69041633605957, Accuracy: 1.0,  Gen Loss: -1.2216037511825562,  MAE: 12.020048141479492,  Gen Sim Loss: 0.7522218823432922, GAN Loss: 241.14096069335938
2021-11-30 11:41:18,019 - root - INFO - Epoch: 31, Batch: 2/2, Disc Loss: -11.868703842163086, Accuracy: 1.0,  Gen Loss: -2.169792652130127,  MAE: 11.252204895019531,  Gen Sim Loss: 0.8755487203598022, GAN Loss: 225.89794921875
2021-11-30 11:41:18,019 - root - INFO - Saving example of image generated at end of epoch 30...
2021-11-30 11:41:27,704 - root - INFO - Epoch: 32, Batch: 1/2, Disc Loss: -12.023193359375, Accuracy: 1.0,  Gen Loss: -1.7905738353729248,  MAE: 11.961516380310059,  Gen Sim Loss: 0.7654656767845154, GAN Loss: 239.97787475585938
2021-11-30 11:41:37,606 - root - INFO - Epoch: 32, Batch: 2/2, Disc Loss: -12.184844017028809, Accuracy: 1.0,  Gen Loss: -2.5259339809417725,  MAE: 12.445194244384766,  Gen Sim Loss: 0.7714824676513672, GAN Loss: 249.6501007080078
2021-11-30 11:41:37,606 - root - INFO - Saving example of image generated at end of epoch 31...
2021-11-30 11:41:47,538 - root - INFO - Epoch: 33, Batch: 1/2, Disc Loss: -12.335087776184082, Accuracy: 1.0,  Gen Loss: -2.431184768676758,  MAE: 12.91839599609375,  Gen Sim Loss: 0.8792358636856079, GAN Loss: 259.22283935546875
2021-11-30 11:41:57,362 - root - INFO - Epoch: 33, Batch: 2/2, Disc Loss: -12.484414100646973, Accuracy: 1.0,  Gen Loss: -3.425464630126953,  MAE: 13.425389289855957,  Gen Sim Loss: 0.8157130479812622, GAN Loss: 269.28924560546875
2021-11-30 11:41:57,362 - root - INFO - Saving example of image generated at end of epoch 32...
2021-11-30 11:42:07,002 - root - INFO - Epoch: 34, Batch: 1/2, Disc Loss: -12.628568649291992, Accuracy: 1.0,  Gen Loss: -2.628873825073242,  MAE: 11.53486156463623,  Gen Sim Loss: 0.945447564125061, GAN Loss: 231.6164093017578
2021-11-30 11:42:16,360 - root - INFO - Epoch: 34, Batch: 2/2, Disc Loss: -12.763033866882324, Accuracy: 1.0,  Gen Loss: -4.005955696105957,  MAE: 12.487455368041992,  Gen Sim Loss: 0.8516980409622192, GAN Loss: 250.56076049804688
2021-11-30 11:42:16,361 - root - INFO - Saving example of image generated at end of epoch 33...
2021-11-30 11:42:27,024 - root - INFO - Epoch: 35, Batch: 1/2, Disc Loss: -12.903210639953613, Accuracy: 1.0,  Gen Loss: -3.7923901081085205,  MAE: 12.624232292175293,  Gen Sim Loss: 0.8808719515800476, GAN Loss: 253.3275909423828
2021-11-30 11:42:36,865 - root - INFO - Epoch: 35, Batch: 2/2, Disc Loss: -13.029825210571289, Accuracy: 1.0,  Gen Loss: -4.874708652496338,  MAE: 13.73112678527832,  Gen Sim Loss: 0.8934259414672852, GAN Loss: 275.4671936035156
2021-11-30 11:42:36,865 - root - INFO - Saving example of image generated at end of epoch 34...
2021-11-30 11:42:46,454 - root - INFO - Epoch: 36, Batch: 1/2, Disc Loss: -13.158228874206543, Accuracy: 1.0,  Gen Loss: -4.153659820556641,  MAE: 14.2379150390625,  Gen Sim Loss: 0.8433345556259155, GAN Loss: 285.5600891113281
2021-11-30 11:42:56,419 - root - INFO - Epoch: 36, Batch: 2/2, Disc Loss: -13.280891418457031, Accuracy: 1.0,  Gen Loss: -4.856858730316162,  MAE: 12.691850662231445,  Gen Sim Loss: 0.9396721124649048, GAN Loss: 254.7281036376953
2021-11-30 11:42:56,419 - root - INFO - Saving example of image generated at end of epoch 35...
2021-11-30 11:43:06,203 - root - INFO - Epoch: 37, Batch: 1/2, Disc Loss: -13.394613265991211, Accuracy: 1.0,  Gen Loss: -4.747750759124756,  MAE: 12.62024974822998,  Gen Sim Loss: 0.9061161279678345, GAN Loss: 253.26364135742188
2021-11-30 11:43:15,839 - root - INFO - Epoch: 37, Batch: 2/2, Disc Loss: -13.514017105102539, Accuracy: 1.0,  Gen Loss: -6.171525478363037,  MAE: 13.652229309082031,  Gen Sim Loss: 0.8434982299804688, GAN Loss: 273.82635498046875
2021-11-30 11:43:15,839 - root - INFO - Saving example of image generated at end of epoch 36...
2021-11-30 11:43:25,736 - root - INFO - Epoch: 38, Batch: 1/2, Disc Loss: -13.625955581665039, Accuracy: 1.0,  Gen Loss: -5.671522617340088,  MAE: 12.006570816040039,  Gen Sim Loss: 0.7647165656089783, GAN Loss: 240.8394012451172
2021-11-30 11:43:35,124 - root - INFO - Epoch: 38, Batch: 2/2, Disc Loss: -13.73486042022705, Accuracy: 1.0,  Gen Loss: -6.768132209777832,  MAE: 11.827131271362305,  Gen Sim Loss: 0.7952611446380615, GAN Loss: 237.2702178955078
2021-11-30 11:43:35,124 - root - INFO - Saving example of image generated at end of epoch 37...
2021-11-30 11:43:45,633 - root - INFO - Epoch: 39, Batch: 1/2, Disc Loss: -13.8404541015625, Accuracy: 1.0,  Gen Loss: -6.745488166809082,  MAE: 12.09927749633789,  Gen Sim Loss: 0.8874017000198364, GAN Loss: 242.8054962158203
2021-11-30 11:43:55,305 - root - INFO - Epoch: 39, Batch: 2/2, Disc Loss: -13.947296142578125, Accuracy: 1.0,  Gen Loss: -7.364283084869385,  MAE: 12.141931533813477,  Gen Sim Loss: 0.8856695294380188, GAN Loss: 243.65066528320312
2021-11-30 11:43:55,305 - root - INFO - Saving example of image generated at end of epoch 38...
2021-11-30 11:44:04,991 - root - INFO - Epoch: 40, Batch: 1/2, Disc Loss: -14.050503730773926, Accuracy: 1.0,  Gen Loss: -6.9626288414001465,  MAE: 11.393511772155762,  Gen Sim Loss: 0.7631420493125916, GAN Loss: 228.56375122070312
2021-11-30 11:44:15,005 - root - INFO - Epoch: 40, Batch: 2/2, Disc Loss: -14.138345718383789, Accuracy: 1.0,  Gen Loss: -8.137834548950195,  MAE: 12.924768447875977,  Gen Sim Loss: 0.8636802434921265, GAN Loss: 259.27764892578125
2021-11-30 11:44:15,005 - root - INFO - Saving example of image generated at end of epoch 39...
2021-11-30 11:44:24,614 - root - INFO - Epoch: 41, Batch: 1/2, Disc Loss: -14.232647895812988, Accuracy: 1.0,  Gen Loss: -7.345644950866699,  MAE: 12.311665534973145,  Gen Sim Loss: 0.7845988869667053, GAN Loss: 246.94442749023438
2021-11-30 11:44:34,454 - root - INFO - Epoch: 41, Batch: 2/2, Disc Loss: -14.32708740234375, Accuracy: 1.0,  Gen Loss: -8.099397659301758,  MAE: 12.354697227478027,  Gen Sim Loss: 0.859444797039032, GAN Loss: 247.87240600585938
2021-11-30 11:44:34,454 - root - INFO - Saving example of image generated at end of epoch 40...
2021-11-30 11:44:44,380 - root - INFO - Epoch: 42, Batch: 1/2, Disc Loss: -14.412160873413086, Accuracy: 1.0,  Gen Loss: -8.048605918884277,  MAE: 11.581911087036133,  Gen Sim Loss: 0.737394392490387, GAN Loss: 232.2951202392578
2021-11-30 11:44:54,050 - root - INFO - Epoch: 42, Batch: 2/2, Disc Loss: -14.495132446289062, Accuracy: 1.0,  Gen Loss: -9.187623977661133,  MAE: 12.78217601776123,  Gen Sim Loss: 0.8025425672531128, GAN Loss: 256.35418701171875
2021-11-30 11:44:54,050 - root - INFO - Saving example of image generated at end of epoch 41...
2021-11-30 11:45:03,658 - root - INFO - Epoch: 43, Batch: 1/2, Disc Loss: -14.5811128616333, Accuracy: 1.0,  Gen Loss: -8.33495807647705,  MAE: 11.2603759765625,  Gen Sim Loss: 0.9215632677078247, GAN Loss: 226.0457305908203
2021-11-30 11:45:13,326 - root - INFO - Epoch: 43, Batch: 2/2, Disc Loss: -14.653002738952637, Accuracy: 1.0,  Gen Loss: -9.686567306518555,  MAE: 11.515007972717285,  Gen Sim Loss: 0.8172252774238586, GAN Loss: 231.0205078125
2021-11-30 11:45:13,326 - root - INFO - Saving example of image generated at end of epoch 42...
2021-11-30 11:45:23,216 - root - INFO - Epoch: 44, Batch: 1/2, Disc Loss: -14.736448287963867, Accuracy: 1.0,  Gen Loss: -9.75187873840332,  MAE: 10.741580963134766,  Gen Sim Loss: 0.8732640147209167, GAN Loss: 215.6073760986328
2021-11-30 11:45:32,942 - root - INFO - Epoch: 44, Batch: 2/2, Disc Loss: -14.8094482421875, Accuracy: 1.0,  Gen Loss: -9.547656059265137,  MAE: 11.933978080749512,  Gen Sim Loss: 0.8896467089653015, GAN Loss: 239.47372436523438
2021-11-30 11:45:32,942 - root - INFO - Saving example of image generated at end of epoch 43...
2021-11-30 11:45:42,672 - root - INFO - Epoch: 45, Batch: 1/2, Disc Loss: -14.870721817016602, Accuracy: 1.0,  Gen Loss: -10.42972183227539,  MAE: 11.692403793334961,  Gen Sim Loss: 0.7530270218849182, GAN Loss: 234.49679565429688
2021-11-30 11:45:52,362 - root - INFO - Epoch: 45, Batch: 2/2, Disc Loss: -14.950220108032227, Accuracy: 1.0,  Gen Loss: -10.084236145019531,  MAE: 10.947027206420898,  Gen Sim Loss: 0.9571064710617065, GAN Loss: 219.7968292236328
2021-11-30 11:45:52,362 - root - INFO - Saving example of image generated at end of epoch 44...
2021-11-30 11:46:02,223 - root - INFO - Epoch: 46, Batch: 1/2, Disc Loss: -15.013435363769531, Accuracy: 1.0,  Gen Loss: -10.60731315612793,  MAE: 11.126378059387207,  Gen Sim Loss: 0.9552699327468872, GAN Loss: 223.3767547607422
2021-11-30 11:46:11,844 - root - INFO - Epoch: 46, Batch: 2/2, Disc Loss: -15.066864013671875, Accuracy: 1.0,  Gen Loss: -11.386919021606445,  MAE: 11.246171951293945,  Gen Sim Loss: 0.8973422050476074, GAN Loss: 225.7069091796875
2021-11-30 11:46:11,844 - root - INFO - Saving example of image generated at end of epoch 45...
2021-11-30 11:46:22,227 - root - INFO - Epoch: 47, Batch: 1/2, Disc Loss: -15.127349853515625, Accuracy: 1.0,  Gen Loss: -11.329742431640625,  MAE: 12.233724594116211,  Gen Sim Loss: 0.828269362449646, GAN Loss: 245.3894500732422
2021-11-30 11:46:31,958 - root - INFO - Epoch: 47, Batch: 2/2, Disc Loss: -15.185450553894043, Accuracy: 1.0,  Gen Loss: -12.36913013458252,  MAE: 13.256861686706543,  Gen Sim Loss: 0.8453388214111328, GAN Loss: 265.85888671875
2021-11-30 11:46:31,958 - root - INFO - Saving example of image generated at end of epoch 46...
2021-11-30 11:46:41,771 - root - INFO - Epoch: 48, Batch: 1/2, Disc Loss: -15.240942001342773, Accuracy: 1.0,  Gen Loss: -11.029054641723633,  MAE: 11.48439884185791,  Gen Sim Loss: 0.8888231515884399, GAN Loss: 230.4665069580078
2021-11-30 11:46:51,603 - root - INFO - Epoch: 48, Batch: 2/2, Disc Loss: -15.292510986328125, Accuracy: 1.0,  Gen Loss: -12.970174789428711,  MAE: 12.592838287353516,  Gen Sim Loss: 0.7980539202690125, GAN Loss: 252.52511596679688
2021-11-30 11:46:51,603 - root - INFO - Saving example of image generated at end of epoch 47...
2021-11-30 11:47:01,453 - root - INFO - Epoch: 49, Batch: 1/2, Disc Loss: -15.349283218383789, Accuracy: 1.0,  Gen Loss: -11.629450798034668,  MAE: 13.083229064941406,  Gen Sim Loss: 0.7947407960891724, GAN Loss: 262.343017578125
2021-11-30 11:47:11,401 - root - INFO - Epoch: 49, Batch: 2/2, Disc Loss: -15.393774032592773, Accuracy: 1.0,  Gen Loss: -12.737032890319824,  MAE: 10.915243148803711,  Gen Sim Loss: 0.8877283334732056, GAN Loss: 219.0652313232422
2021-11-30 11:47:11,401 - root - INFO - Saving example of image generated at end of epoch 48...
2021-11-30 11:47:21,355 - root - INFO - Epoch: 50, Batch: 1/2, Disc Loss: -15.440282821655273, Accuracy: 1.0,  Gen Loss: -12.686273574829102,  MAE: 12.526775360107422,  Gen Sim Loss: 0.7495285272598267, GAN Loss: 251.15817260742188
2021-11-30 11:47:31,100 - root - INFO - Epoch: 50, Batch: 2/2, Disc Loss: -15.48590087890625, Accuracy: 1.0,  Gen Loss: -13.754977226257324,  MAE: 11.73716926574707,  Gen Sim Loss: 0.8646044731140137, GAN Loss: 235.47042846679688
2021-11-30 11:47:31,100 - root - INFO - Saving example of image generated at end of epoch 49...
2021-11-30 11:47:41,119 - root - INFO - Epoch: 51, Batch: 1/2, Disc Loss: -15.532918930053711, Accuracy: 1.0,  Gen Loss: -12.950262069702148,  MAE: 11.95690631866455,  Gen Sim Loss: 0.7217537760734558, GAN Loss: 239.73037719726562
2021-11-30 11:47:50,820 - root - INFO - Epoch: 51, Batch: 2/2, Disc Loss: -15.576223373413086, Accuracy: 1.0,  Gen Loss: -14.3870210647583,  MAE: 10.321227073669434,  Gen Sim Loss: 0.7869241833686829, GAN Loss: 207.06759643554688
2021-11-30 11:47:50,821 - root - INFO - Saving example of image generated at end of epoch 50...
2021-11-30 11:48:00,671 - root - INFO - Epoch: 52, Batch: 1/2, Disc Loss: -15.612358093261719, Accuracy: 1.0,  Gen Loss: -14.349479675292969,  MAE: 12.487174987792969,  Gen Sim Loss: 0.9375359416007996, GAN Loss: 250.5375518798828
2021-11-30 11:48:10,270 - root - INFO - Epoch: 52, Batch: 2/2, Disc Loss: -15.654008865356445, Accuracy: 1.0,  Gen Loss: -15.608447074890137,  MAE: 11.519379615783691,  Gen Sim Loss: 0.9133493304252625, GAN Loss: 231.1448516845703
2021-11-30 11:48:10,271 - root - INFO - Saving example of image generated at end of epoch 51...
2021-11-30 11:48:20,007 - root - INFO - Epoch: 53, Batch: 1/2, Disc Loss: -15.687777519226074, Accuracy: 1.0,  Gen Loss: -14.2743501663208,  MAE: 11.285865783691406,  Gen Sim Loss: 0.7387125492095947, GAN Loss: 226.3132781982422
2021-11-30 11:48:29,948 - root - INFO - Epoch: 53, Batch: 2/2, Disc Loss: -15.722402572631836, Accuracy: 1.0,  Gen Loss: -15.394081115722656,  MAE: 11.737859725952148,  Gen Sim Loss: 0.902734100818634, GAN Loss: 235.50601196289062
2021-11-30 11:48:29,948 - root - INFO - Saving example of image generated at end of epoch 52...
2021-11-30 11:48:39,748 - root - INFO - Epoch: 54, Batch: 1/2, Disc Loss: -15.758520126342773, Accuracy: 1.0,  Gen Loss: -14.667465209960938,  MAE: 13.987756729125977,  Gen Sim Loss: 0.8012077212333679, GAN Loss: 280.40966796875
2021-11-30 11:48:49,646 - root - INFO - Epoch: 54, Batch: 2/2, Disc Loss: -15.792455673217773, Accuracy: 1.0,  Gen Loss: -14.512697219848633,  MAE: 11.629034042358398,  Gen Sim Loss: 0.8808565139770508, GAN Loss: 233.31643676757812
2021-11-30 11:48:49,646 - root - INFO - Saving example of image generated at end of epoch 53...
2021-11-30 11:48:59,591 - root - INFO - Epoch: 55, Batch: 1/2, Disc Loss: -15.819833755493164, Accuracy: 1.0,  Gen Loss: -16.55590057373047,  MAE: 12.744926452636719,  Gen Sim Loss: 0.7693575620651245, GAN Loss: 255.50234985351562
2021-11-30 11:49:09,425 - root - INFO - Epoch: 55, Batch: 2/2, Disc Loss: -15.84239673614502, Accuracy: 1.0,  Gen Loss: -15.053857803344727,  MAE: 11.253805160522461,  Gen Sim Loss: 0.8508481979370117, GAN Loss: 225.7764129638672
2021-11-30 11:49:09,425 - root - INFO - Saving example of image generated at end of epoch 54...
2021-11-30 11:49:19,363 - root - INFO - Epoch: 56, Batch: 1/2, Disc Loss: -15.8755464553833, Accuracy: 1.0,  Gen Loss: -16.84681510925293,  MAE: 11.86925983428955,  Gen Sim Loss: 0.7715538740158081, GAN Loss: 237.98828125
2021-11-30 11:49:29,175 - root - INFO - Epoch: 56, Batch: 2/2, Disc Loss: -15.89393424987793, Accuracy: 1.0,  Gen Loss: -16.4771785736084,  MAE: 12.655084609985352,  Gen Sim Loss: 0.7637926936149597, GAN Loss: 253.70071411132812
2021-11-30 11:49:29,175 - root - INFO - Saving example of image generated at end of epoch 55...
2021-11-30 11:49:39,280 - root - INFO - Epoch: 57, Batch: 1/2, Disc Loss: -15.917375564575195, Accuracy: 1.0,  Gen Loss: -15.967041015625,  MAE: 12.647520065307617,  Gen Sim Loss: 0.8497844934463501, GAN Loss: 253.64053344726562
2021-11-30 11:49:49,271 - root - INFO - Epoch: 57, Batch: 2/2, Disc Loss: -15.940106391906738, Accuracy: 1.0,  Gen Loss: -16.517431259155273,  MAE: 11.42921257019043,  Gen Sim Loss: 0.7527811527252197, GAN Loss: 229.17184448242188
2021-11-30 11:49:49,271 - root - INFO - Saving example of image generated at end of epoch 56...
2021-11-30 11:49:59,260 - root - INFO - Epoch: 58, Batch: 1/2, Disc Loss: -15.964459419250488, Accuracy: 1.0,  Gen Loss: -17.937326431274414,  MAE: 12.836115837097168,  Gen Sim Loss: 0.9145568013191223, GAN Loss: 257.4574890136719
2021-11-30 11:50:09,018 - root - INFO - Epoch: 58, Batch: 2/2, Disc Loss: -15.979008674621582, Accuracy: 1.0,  Gen Loss: -17.337928771972656,  MAE: 11.972305297851562,  Gen Sim Loss: 0.8755298852920532, GAN Loss: 240.1482391357422
2021-11-30 11:50:09,018 - root - INFO - Saving example of image generated at end of epoch 57...
2021-11-30 11:50:19,186 - root - INFO - Epoch: 59, Batch: 1/2, Disc Loss: -16.002859115600586, Accuracy: 1.0,  Gen Loss: -18.074764251708984,  MAE: 11.981097221374512,  Gen Sim Loss: 0.7221424579620361, GAN Loss: 240.16336059570312
2021-11-30 11:50:29,326 - root - INFO - Epoch: 59, Batch: 2/2, Disc Loss: -16.0185604095459, Accuracy: 1.0,  Gen Loss: -17.490581512451172,  MAE: 12.348783493041992,  Gen Sim Loss: 0.8581748008728027, GAN Loss: 247.65896606445312
2021-11-30 11:50:29,327 - root - INFO - Saving example of image generated at end of epoch 58...
2021-11-30 11:50:39,038 - root - INFO - Epoch: 60, Batch: 1/2, Disc Loss: -16.041332244873047, Accuracy: 1.0,  Gen Loss: -19.187820434570312,  MAE: 12.040606498718262,  Gen Sim Loss: 0.7181888818740845, GAN Loss: 241.3384246826172
2021-11-30 11:50:49,154 - root - INFO - Epoch: 60, Batch: 2/2, Disc Loss: -16.056222915649414, Accuracy: 1.0,  Gen Loss: -17.75124740600586,  MAE: 12.805682182312012,  Gen Sim Loss: 0.7922520637512207, GAN Loss: 256.7283935546875
2021-11-30 11:50:49,155 - root - INFO - Saving example of image generated at end of epoch 59...
2021-11-30 11:50:59,131 - root - INFO - Epoch: 61, Batch: 1/2, Disc Loss: -16.080739974975586, Accuracy: 1.0,  Gen Loss: -18.209300994873047,  MAE: 11.929132461547852,  Gen Sim Loss: 0.8110696077346802, GAN Loss: 239.2116241455078
2021-11-30 11:51:09,123 - root - INFO - Epoch: 61, Batch: 2/2, Disc Loss: -16.088886260986328, Accuracy: 1.0,  Gen Loss: -19.035327911376953,  MAE: 11.906923294067383,  Gen Sim Loss: 0.7656898498535156, GAN Loss: 238.7137908935547
2021-11-30 11:51:09,124 - root - INFO - Saving example of image generated at end of epoch 60...
2021-11-30 11:51:19,142 - root - INFO - Epoch: 62, Batch: 1/2, Disc Loss: -16.103763580322266, Accuracy: 1.0,  Gen Loss: -18.377971649169922,  MAE: 12.748785018920898,  Gen Sim Loss: 0.7729427814483643, GAN Loss: 255.5648651123047
2021-11-30 11:51:28,977 - root - INFO - Epoch: 62, Batch: 2/2, Disc Loss: -16.118427276611328, Accuracy: 1.0,  Gen Loss: -18.734766006469727,  MAE: 11.7758207321167,  Gen Sim Loss: 0.7846230268478394, GAN Loss: 236.1136932373047
2021-11-30 11:51:28,978 - root - INFO - Saving example of image generated at end of epoch 61...
2021-11-30 11:51:39,254 - root - INFO - Epoch: 63, Batch: 1/2, Disc Loss: -16.127578735351562, Accuracy: 1.0,  Gen Loss: -20.210241317749023,  MAE: 11.52524471282959,  Gen Sim Loss: 0.8273309469223022, GAN Loss: 231.130126953125
2021-11-30 11:51:49,611 - root - INFO - Epoch: 63, Batch: 2/2, Disc Loss: -16.13947868347168, Accuracy: 1.0,  Gen Loss: -19.260845184326172,  MAE: 13.08934497833252,  Gen Sim Loss: 0.8499429821968079, GAN Loss: 262.4442443847656
2021-11-30 11:51:49,611 - root - INFO - Saving example of image generated at end of epoch 62...
2021-11-30 11:51:59,844 - root - INFO - Epoch: 64, Batch: 1/2, Disc Loss: -16.150131225585938, Accuracy: 1.0,  Gen Loss: -19.49332618713379,  MAE: 11.989435195922852,  Gen Sim Loss: 0.8321372866630554, GAN Loss: 240.4259033203125
2021-11-30 11:52:09,702 - root - INFO - Epoch: 64, Batch: 2/2, Disc Loss: -16.157068252563477, Accuracy: 1.0,  Gen Loss: -20.659221649169922,  MAE: 11.205998420715332,  Gen Sim Loss: 0.7298950552940369, GAN Loss: 224.6432647705078
2021-11-30 11:52:09,702 - root - INFO - Saving example of image generated at end of epoch 63...
2021-11-30 11:52:19,746 - root - INFO - Epoch: 65, Batch: 1/2, Disc Loss: -16.172168731689453, Accuracy: 1.0,  Gen Loss: -19.375028610229492,  MAE: 10.483438491821289,  Gen Sim Loss: 0.824135422706604, GAN Loss: 210.2991485595703
2021-11-30 11:52:29,547 - root - INFO - Epoch: 65, Batch: 2/2, Disc Loss: -16.18464469909668, Accuracy: 1.0,  Gen Loss: -20.454357147216797,  MAE: 13.548971176147461,  Gen Sim Loss: 0.8617897033691406, GAN Loss: 271.6366882324219
2021-11-30 11:52:29,547 - root - INFO - Saving example of image generated at end of epoch 64...
2021-11-30 11:52:39,577 - root - INFO - Epoch: 66, Batch: 1/2, Disc Loss: -16.190357208251953, Accuracy: 1.0,  Gen Loss: -21.17814064025879,  MAE: 11.060247421264648,  Gen Sim Loss: 0.8813654184341431, GAN Loss: 221.87454223632812
2021-11-30 11:52:49,526 - root - INFO - Epoch: 66, Batch: 2/2, Disc Loss: -16.199718475341797, Accuracy: 1.0,  Gen Loss: -21.222469329833984,  MAE: 11.748224258422852,  Gen Sim Loss: 0.7567817568778992, GAN Loss: 235.509033203125
2021-11-30 11:52:49,526 - root - INFO - Saving example of image generated at end of epoch 65...
2021-11-30 11:52:59,857 - root - INFO - Epoch: 67, Batch: 1/2, Disc Loss: -16.20111656188965, Accuracy: 1.0,  Gen Loss: -21.690898895263672,  MAE: 11.576156616210938,  Gen Sim Loss: 0.8785449266433716, GAN Loss: 232.1847686767578
2021-11-30 11:53:09,247 - root - INFO - Epoch: 67, Batch: 2/2, Disc Loss: -16.21564292907715, Accuracy: 1.0,  Gen Loss: -21.433610916137695,  MAE: 13.4576416015625,  Gen Sim Loss: 0.927234947681427, GAN Loss: 269.86572265625
2021-11-30 11:53:09,247 - root - INFO - Saving example of image generated at end of epoch 66...
2021-11-30 11:53:18,394 - root - INFO - Epoch: 68, Batch: 1/2, Disc Loss: -16.222278594970703, Accuracy: 1.0,  Gen Loss: -20.86273765563965,  MAE: 10.385305404663086,  Gen Sim Loss: 0.7080146670341492, GAN Loss: 208.2055206298828
2021-11-30 11:53:27,497 - root - INFO - Epoch: 68, Batch: 2/2, Disc Loss: -16.228961944580078, Accuracy: 1.0,  Gen Loss: -21.211061477661133,  MAE: 12.529864311218262,  Gen Sim Loss: 0.8456331491470337, GAN Loss: 251.23080444335938
2021-11-30 11:53:27,498 - root - INFO - Saving example of image generated at end of epoch 67...
2021-11-30 11:53:36,601 - root - INFO - Epoch: 69, Batch: 1/2, Disc Loss: -16.2331600189209, Accuracy: 1.0,  Gen Loss: -21.931949615478516,  MAE: 12.231904029846191,  Gen Sim Loss: 0.772553563117981, GAN Loss: 245.19131469726562
2021-11-30 11:53:45,543 - root - INFO - Epoch: 69, Batch: 2/2, Disc Loss: -16.240161895751953, Accuracy: 1.0,  Gen Loss: -22.111621856689453,  MAE: 12.31496810913086,  Gen Sim Loss: 0.7593474984169006, GAN Loss: 246.8376007080078
2021-11-30 11:53:45,543 - root - INFO - Saving example of image generated at end of epoch 68...
2021-11-30 11:53:54,820 - root - INFO - Epoch: 70, Batch: 1/2, Disc Loss: -16.233417510986328, Accuracy: 1.0,  Gen Loss: -21.449642181396484,  MAE: 11.999444007873535,  Gen Sim Loss: 0.8174090385437012, GAN Loss: 240.59176635742188
2021-11-30 11:54:04,174 - root - INFO - Epoch: 70, Batch: 2/2, Disc Loss: -16.24871826171875, Accuracy: 1.0,  Gen Loss: -22.245349884033203,  MAE: 12.609136581420898,  Gen Sim Loss: 0.7758080363273621, GAN Loss: 252.73611450195312
2021-11-30 11:54:04,174 - root - INFO - Saving example of image generated at end of epoch 69...
2021-11-30 11:54:13,522 - root - INFO - Epoch: 71, Batch: 1/2, Disc Loss: -16.248271942138672, Accuracy: 1.0,  Gen Loss: -22.854406356811523,  MAE: 12.125844955444336,  Gen Sim Loss: 0.7354898452758789, GAN Loss: 243.0238494873047
2021-11-30 11:54:22,636 - root - INFO - Epoch: 71, Batch: 2/2, Disc Loss: -16.260478973388672, Accuracy: 1.0,  Gen Loss: -22.84377670288086,  MAE: 10.99811840057373,  Gen Sim Loss: 0.6976691484451294, GAN Loss: 220.43161010742188
2021-11-30 11:54:22,636 - root - INFO - Saving example of image generated at end of epoch 70...
2021-11-30 11:54:32,174 - root - INFO - Epoch: 72, Batch: 1/2, Disc Loss: -16.262205123901367, Accuracy: 1.0,  Gen Loss: -23.026193618774414,  MAE: 11.822338104248047,  Gen Sim Loss: 0.7374269366264343, GAN Loss: 236.9539337158203
2021-11-30 11:54:41,657 - root - INFO - Epoch: 72, Batch: 2/2, Disc Loss: -16.2681941986084, Accuracy: 1.0,  Gen Loss: -24.523788452148438,  MAE: 12.758378982543945,  Gen Sim Loss: 0.7359508275985718, GAN Loss: 255.6582794189453
2021-11-30 11:54:41,657 - root - INFO - Saving example of image generated at end of epoch 71...
2021-11-30 11:54:51,005 - root - INFO - Epoch: 73, Batch: 1/2, Disc Loss: -16.267478942871094, Accuracy: 1.0,  Gen Loss: -22.847286224365234,  MAE: 12.370125770568848,  Gen Sim Loss: 0.8724705576896667, GAN Loss: 248.0465087890625
2021-11-30 11:55:00,451 - root - INFO - Epoch: 73, Batch: 2/2, Disc Loss: -16.275033950805664, Accuracy: 1.0,  Gen Loss: -23.958538055419922,  MAE: 12.007872581481934,  Gen Sim Loss: 0.8023931384086609, GAN Loss: 240.7202606201172
2021-11-30 11:55:00,451 - root - INFO - Saving example of image generated at end of epoch 72...
2021-11-30 11:55:09,932 - root - INFO - Epoch: 74, Batch: 1/2, Disc Loss: -16.278484344482422, Accuracy: 1.0,  Gen Loss: -23.316234588623047,  MAE: 12.081379890441895,  Gen Sim Loss: 0.847061276435852, GAN Loss: 242.24148559570312
2021-11-30 11:55:19,186 - root - INFO - Epoch: 74, Batch: 2/2, Disc Loss: -16.27802085876465, Accuracy: 1.0,  Gen Loss: -23.1457576751709,  MAE: 13.159622192382812,  Gen Sim Loss: 0.8653583526611328, GAN Loss: 263.82635498046875
2021-11-30 11:55:19,186 - root - INFO - Saving example of image generated at end of epoch 73...
2021-11-30 11:55:28,767 - root - INFO - Epoch: 75, Batch: 1/2, Disc Loss: -16.287311553955078, Accuracy: 1.0,  Gen Loss: -24.047134399414062,  MAE: 12.740707397460938,  Gen Sim Loss: 0.740829348564148, GAN Loss: 255.3144989013672
2021-11-30 11:55:38,120 - root - INFO - Epoch: 75, Batch: 2/2, Disc Loss: -16.286609649658203, Accuracy: 1.0,  Gen Loss: -24.728368759155273,  MAE: 11.075530052185059,  Gen Sim Loss: 0.7288509011268616, GAN Loss: 221.99215698242188
2021-11-30 11:55:38,120 - root - INFO - Saving example of image generated at end of epoch 74...
2021-11-30 11:55:47,831 - root - INFO - Epoch: 76, Batch: 1/2, Disc Loss: -16.28519058227539, Accuracy: 1.0,  Gen Loss: -24.26906967163086,  MAE: 12.593034744262695,  Gen Sim Loss: 0.9172927737236023, GAN Loss: 252.53530883789062
2021-11-30 11:55:57,684 - root - INFO - Epoch: 76, Batch: 2/2, Disc Loss: -16.292621612548828, Accuracy: 1.0,  Gen Loss: -24.969036102294922,  MAE: 12.109980583190918,  Gen Sim Loss: 0.9042925834655762, GAN Loss: 242.85421752929688
2021-11-30 11:55:57,684 - root - INFO - Saving example of image generated at end of epoch 75...
2021-11-30 11:56:07,432 - root - INFO - Epoch: 77, Batch: 1/2, Disc Loss: -16.295629501342773, Accuracy: 1.0,  Gen Loss: -23.852956771850586,  MAE: 11.63931655883789,  Gen Sim Loss: 0.7852245569229126, GAN Loss: 233.33303833007812
2021-11-30 11:56:17,026 - root - INFO - Epoch: 77, Batch: 2/2, Disc Loss: -16.297163009643555, Accuracy: 1.0,  Gen Loss: -25.063213348388672,  MAE: 11.575681686401367,  Gen Sim Loss: 0.8832038044929504, GAN Loss: 232.14620971679688
2021-11-30 11:56:17,026 - root - INFO - Saving example of image generated at end of epoch 76...
2021-11-30 11:56:26,730 - root - INFO - Epoch: 78, Batch: 1/2, Disc Loss: -16.301433563232422, Accuracy: 1.0,  Gen Loss: -24.4351806640625,  MAE: 11.643529891967773,  Gen Sim Loss: 0.8058031797409058, GAN Loss: 233.4320526123047
2021-11-30 11:56:36,293 - root - INFO - Epoch: 78, Batch: 2/2, Disc Loss: -16.301910400390625, Accuracy: 1.0,  Gen Loss: -24.733592987060547,  MAE: 12.025951385498047,  Gen Sim Loss: 0.8692084550857544, GAN Loss: 241.14089965820312
2021-11-30 11:56:36,294 - root - INFO - Saving example of image generated at end of epoch 77...
2021-11-30 11:56:45,990 - root - INFO - Epoch: 79, Batch: 1/2, Disc Loss: -16.2994441986084, Accuracy: 1.0,  Gen Loss: -25.5860652923584,  MAE: 11.956469535827637,  Gen Sim Loss: 0.789284348487854, GAN Loss: 239.66281127929688
2021-11-30 11:56:55,368 - root - INFO - Epoch: 79, Batch: 2/2, Disc Loss: -16.300338745117188, Accuracy: 1.0,  Gen Loss: -24.662975311279297,  MAE: 11.771608352661133,  Gen Sim Loss: 0.8083423376083374, GAN Loss: 235.99386596679688
2021-11-30 11:56:55,368 - root - INFO - Saving example of image generated at end of epoch 78...
2021-11-30 11:57:05,108 - root - INFO - Epoch: 80, Batch: 1/2, Disc Loss: -16.30782699584961, Accuracy: 1.0,  Gen Loss: -26.15582847595215,  MAE: 13.52599811553955,  Gen Sim Loss: 0.8358386754989624, GAN Loss: 271.09423828125
2021-11-30 11:57:14,845 - root - INFO - Epoch: 80, Batch: 2/2, Disc Loss: -16.306875228881836, Accuracy: 1.0,  Gen Loss: -25.10524559020996,  MAE: 11.737314224243164,  Gen Sim Loss: 0.753884494304657, GAN Loss: 235.24911499023438
2021-11-30 11:57:14,845 - root - INFO - Saving example of image generated at end of epoch 79...
2021-11-30 11:57:24,632 - root - INFO - Epoch: 81, Batch: 1/2, Disc Loss: -16.303754806518555, Accuracy: 1.0,  Gen Loss: -26.73992919921875,  MAE: 11.809806823730469,  Gen Sim Loss: 0.7949556708335876, GAN Loss: 236.7236785888672
2021-11-30 11:57:34,348 - root - INFO - Epoch: 81, Batch: 2/2, Disc Loss: -16.309370040893555, Accuracy: 1.0,  Gen Loss: -26.42461585998535,  MAE: 13.743596076965332,  Gen Sim Loss: 0.780631959438324, GAN Loss: 275.3883056640625
2021-11-30 11:57:34,348 - root - INFO - Saving example of image generated at end of epoch 80...
2021-11-30 11:57:44,482 - root - INFO - Epoch: 82, Batch: 1/2, Disc Loss: -16.309165954589844, Accuracy: 1.0,  Gen Loss: -25.49321937561035,  MAE: 11.431951522827148,  Gen Sim Loss: 0.8886321783065796, GAN Loss: 229.27273559570312
2021-11-30 11:57:54,405 - root - INFO - Epoch: 82, Batch: 2/2, Disc Loss: -16.30483627319336, Accuracy: 1.0,  Gen Loss: -25.658660888671875,  MAE: 11.407327651977539,  Gen Sim Loss: 0.8332233428955078, GAN Loss: 228.72317504882812
2021-11-30 11:57:54,405 - root - INFO - Saving example of image generated at end of epoch 81...
2021-11-30 11:58:04,435 - root - INFO - Epoch: 83, Batch: 1/2, Disc Loss: -16.3165283203125, Accuracy: 1.0,  Gen Loss: -25.628183364868164,  MAE: 12.56449031829834,  Gen Sim Loss: 0.8378642797470093, GAN Loss: 251.8713836669922
2021-11-30 11:58:14,330 - root - INFO - Epoch: 83, Batch: 2/2, Disc Loss: -16.3166446685791, Accuracy: 1.0,  Gen Loss: -26.49355697631836,  MAE: 12.676584243774414,  Gen Sim Loss: 0.7979738712310791, GAN Loss: 254.06472778320312
2021-11-30 11:58:14,330 - root - INFO - Saving example of image generated at end of epoch 82...
2021-11-30 11:58:23,987 - root - INFO - Epoch: 84, Batch: 1/2, Disc Loss: -16.316516876220703, Accuracy: 1.0,  Gen Loss: -25.515321731567383,  MAE: 13.615697860717773,  Gen Sim Loss: 0.7816672325134277, GAN Loss: 272.8404846191406
2021-11-30 11:58:33,781 - root - INFO - Epoch: 84, Batch: 2/2, Disc Loss: -16.31001853942871, Accuracy: 1.0,  Gen Loss: -26.380428314208984,  MAE: 11.982851028442383,  Gen Sim Loss: 0.7343078851699829, GAN Loss: 240.1275177001953
2021-11-30 11:58:33,782 - root - INFO - Saving example of image generated at end of epoch 83...
2021-11-30 11:58:43,991 - root - INFO - Epoch: 85, Batch: 1/2, Disc Loss: -16.318490982055664, Accuracy: 1.0,  Gen Loss: -26.384424209594727,  MAE: 12.170512199401855,  Gen Sim Loss: 0.8707159757614136, GAN Loss: 244.01712036132812
2021-11-30 11:58:53,772 - root - INFO - Epoch: 85, Batch: 2/2, Disc Loss: -16.316360473632812, Accuracy: 1.0,  Gen Loss: -26.374340057373047,  MAE: 13.355901718139648,  Gen Sim Loss: 0.8884309530258179, GAN Loss: 267.74273681640625
2021-11-30 11:58:53,772 - root - INFO - Saving example of image generated at end of epoch 84...
2021-11-30 11:59:03,491 - root - INFO - Epoch: 86, Batch: 1/2, Disc Loss: -16.316978454589844, Accuracy: 1.0,  Gen Loss: -26.450138092041016,  MAE: 12.99421501159668,  Gen Sim Loss: 0.7594572901725769, GAN Loss: 260.3792724609375
2021-11-30 11:59:12,855 - root - INFO - Epoch: 86, Batch: 2/2, Disc Loss: -16.317733764648438, Accuracy: 1.0,  Gen Loss: -26.52972412109375,  MAE: 11.993532180786133,  Gen Sim Loss: 0.8822868466377258, GAN Loss: 240.4876251220703
2021-11-30 11:59:12,855 - root - INFO - Saving example of image generated at end of epoch 85...
2021-11-30 11:59:22,356 - root - INFO - Epoch: 87, Batch: 1/2, Disc Loss: -16.306846618652344, Accuracy: 1.0,  Gen Loss: -27.206531524658203,  MAE: 11.376899719238281,  Gen Sim Loss: 0.8580701947212219, GAN Loss: 228.12399291992188
2021-11-30 11:59:32,131 - root - INFO - Epoch: 87, Batch: 2/2, Disc Loss: -16.315128326416016, Accuracy: 1.0,  Gen Loss: -26.725927352905273,  MAE: 12.260503768920898,  Gen Sim Loss: 0.7740663886070251, GAN Loss: 245.71688842773438
2021-11-30 11:59:32,132 - root - INFO - Saving example of image generated at end of epoch 86...
2021-11-30 11:59:41,847 - root - INFO - Epoch: 88, Batch: 1/2, Disc Loss: -16.314964294433594, Accuracy: 1.0,  Gen Loss: -27.16929054260254,  MAE: 13.619296073913574,  Gen Sim Loss: 0.7787755131721497, GAN Loss: 272.89300537109375
2021-11-30 11:59:51,569 - root - INFO - Epoch: 88, Batch: 2/2, Disc Loss: -16.31671714782715, Accuracy: 1.0,  Gen Loss: -26.941015243530273,  MAE: 13.089886665344238,  Gen Sim Loss: 0.8312722444534302, GAN Loss: 262.3595886230469
2021-11-30 11:59:51,569 - root - INFO - Saving example of image generated at end of epoch 87...
2021-11-30 12:00:01,054 - root - INFO - Epoch: 89, Batch: 1/2, Disc Loss: -16.314071655273438, Accuracy: 1.0,  Gen Loss: -26.640605926513672,  MAE: 12.9100923538208,  Gen Sim Loss: 0.7397066354751587, GAN Loss: 258.6751403808594
2021-11-30 12:00:10,721 - root - INFO - Epoch: 89, Batch: 2/2, Disc Loss: -16.319149017333984, Accuracy: 1.0,  Gen Loss: -27.413372039794922,  MAE: 11.233781814575195,  Gen Sim Loss: 0.7349718809127808, GAN Loss: 225.13644409179688
2021-11-30 12:00:10,722 - root - INFO - Saving example of image generated at end of epoch 88...
2021-11-30 12:00:20,432 - root - INFO - Epoch: 90, Batch: 1/2, Disc Loss: -16.315073013305664, Accuracy: 1.0,  Gen Loss: -27.903301239013672,  MAE: 12.11301040649414,  Gen Sim Loss: 0.7054692506790161, GAN Loss: 242.6866455078125
2021-11-30 12:00:29,963 - root - INFO - Epoch: 90, Batch: 2/2, Disc Loss: -16.3201961517334, Accuracy: 1.0,  Gen Loss: -27.46075439453125,  MAE: 11.651874542236328,  Gen Sim Loss: 0.815382182598114, GAN Loss: 233.57827758789062
2021-11-30 12:00:29,963 - root - INFO - Saving example of image generated at end of epoch 89...
2021-11-30 12:00:39,798 - root - INFO - Epoch: 91, Batch: 1/2, Disc Loss: -16.315439224243164, Accuracy: 1.0,  Gen Loss: -27.122472763061523,  MAE: 12.00017261505127,  Gen Sim Loss: 0.6999363303184509, GAN Loss: 240.43215942382812
2021-11-30 12:00:49,453 - root - INFO - Epoch: 91, Batch: 2/2, Disc Loss: -16.31742286682129, Accuracy: 1.0,  Gen Loss: -27.968608856201172,  MAE: 12.059473991394043,  Gen Sim Loss: 0.7268074750900269, GAN Loss: 241.63662719726562
2021-11-30 12:00:49,453 - root - INFO - Saving example of image generated at end of epoch 90...
2021-11-30 12:00:58,752 - root - INFO - Epoch: 92, Batch: 1/2, Disc Loss: -16.32172203063965, Accuracy: 1.0,  Gen Loss: -27.52617835998535,  MAE: 13.320571899414062,  Gen Sim Loss: 0.7847566604614258, GAN Loss: 266.9209289550781
2021-11-30 12:01:08,319 - root - INFO - Epoch: 92, Batch: 2/2, Disc Loss: -16.319059371948242, Accuracy: 1.0,  Gen Loss: -28.096155166625977,  MAE: 11.447332382202148,  Gen Sim Loss: 0.8295863270759583, GAN Loss: 229.4952850341797
2021-11-30 12:01:08,319 - root - INFO - Saving example of image generated at end of epoch 91...
2021-11-30 12:01:17,797 - root - INFO - Epoch: 93, Batch: 1/2, Disc Loss: -16.316762924194336, Accuracy: 1.0,  Gen Loss: -27.603540420532227,  MAE: 11.53549861907959,  Gen Sim Loss: 0.6906605362892151, GAN Loss: 231.12460327148438
2021-11-30 12:01:27,356 - root - INFO - Epoch: 93, Batch: 2/2, Disc Loss: -16.31787872314453, Accuracy: 1.0,  Gen Loss: -28.78484535217285,  MAE: 13.003207206726074,  Gen Sim Loss: 0.7824983596801758, GAN Loss: 260.5588073730469
2021-11-30 12:01:27,356 - root - INFO - Saving example of image generated at end of epoch 92...
2021-11-30 12:01:37,025 - root - INFO - Epoch: 94, Batch: 1/2, Disc Loss: -16.320947647094727, Accuracy: 1.0,  Gen Loss: -27.942058563232422,  MAE: 12.523856163024902,  Gen Sim Loss: 0.8120002746582031, GAN Loss: 251.0097198486328
2021-11-30 12:01:46,752 - root - INFO - Epoch: 94, Batch: 2/2, Disc Loss: -16.31882095336914, Accuracy: 1.0,  Gen Loss: -29.317474365234375,  MAE: 11.903894424438477,  Gen Sim Loss: 0.7065694332122803, GAN Loss: 238.4912567138672
2021-11-30 12:01:46,752 - root - INFO - Saving example of image generated at end of epoch 93...
2021-11-30 12:01:56,274 - root - INFO - Epoch: 95, Batch: 1/2, Disc Loss: -16.31740379333496, Accuracy: 1.0,  Gen Loss: -28.891061782836914,  MAE: 12.324641227722168,  Gen Sim Loss: 0.8567759394645691, GAN Loss: 247.06069946289062
2021-11-30 12:02:05,952 - root - INFO - Epoch: 95, Batch: 2/2, Disc Loss: -16.319849014282227, Accuracy: 1.0,  Gen Loss: -28.325054168701172,  MAE: 11.361496925354004,  Gen Sim Loss: 0.7636387944221497, GAN Loss: 227.7103271484375
2021-11-30 12:02:05,952 - root - INFO - Saving example of image generated at end of epoch 94...
2021-11-30 12:02:15,598 - root - INFO - Epoch: 96, Batch: 1/2, Disc Loss: -16.311052322387695, Accuracy: 1.0,  Gen Loss: -27.972976684570312,  MAE: 12.298319816589355,  Gen Sim Loss: 0.7853090167045593, GAN Loss: 246.4719696044922
2021-11-30 12:02:25,358 - root - INFO - Epoch: 96, Batch: 2/2, Disc Loss: -16.326221466064453, Accuracy: 1.0,  Gen Loss: -28.44818115234375,  MAE: 12.970121383666992,  Gen Sim Loss: 0.7086600065231323, GAN Loss: 259.82659912109375
2021-11-30 12:02:25,358 - root - INFO - Saving example of image generated at end of epoch 95...
2021-11-30 12:02:35,013 - root - INFO - Epoch: 97, Batch: 1/2, Disc Loss: -16.32416343688965, Accuracy: 1.0,  Gen Loss: -27.59946060180664,  MAE: 12.108736038208008,  Gen Sim Loss: 0.7207208275794983, GAN Loss: 242.6194305419922
2021-11-30 12:02:44,431 - root - INFO - Epoch: 97, Batch: 2/2, Disc Loss: -16.32431411743164, Accuracy: 1.0,  Gen Loss: -28.28946876525879,  MAE: 11.264827728271484,  Gen Sim Loss: 0.7416402101516724, GAN Loss: 225.7552947998047
2021-11-30 12:02:44,432 - root - INFO - Saving example of image generated at end of epoch 96...
2021-11-30 12:02:54,221 - root - INFO - Epoch: 98, Batch: 1/2, Disc Loss: -16.324237823486328, Accuracy: 1.0,  Gen Loss: -28.853008270263672,  MAE: 12.457742691040039,  Gen Sim Loss: 0.688685953617096, GAN Loss: 249.5550079345703
2021-11-30 12:03:03,953 - root - INFO - Epoch: 98, Batch: 2/2, Disc Loss: -16.321422576904297, Accuracy: 1.0,  Gen Loss: -29.509387969970703,  MAE: 13.310040473937988,  Gen Sim Loss: 0.8223583102226257, GAN Loss: 266.7280578613281
2021-11-30 12:03:03,954 - root - INFO - Saving example of image generated at end of epoch 97...
2021-11-30 12:03:13,566 - root - INFO - Epoch: 99, Batch: 1/2, Disc Loss: -16.321319580078125, Accuracy: 1.0,  Gen Loss: -28.454235076904297,  MAE: 12.20846176147461,  Gen Sim Loss: 0.7695340514183044, GAN Loss: 244.6542205810547
2021-11-30 12:03:23,033 - root - INFO - Epoch: 99, Batch: 2/2, Disc Loss: -16.325971603393555, Accuracy: 1.0,  Gen Loss: -29.601917266845703,  MAE: 13.865623474121094,  Gen Sim Loss: 0.8892709612846375, GAN Loss: 277.9057312011719
2021-11-30 12:03:23,033 - root - INFO - Saving example of image generated at end of epoch 98...
2021-11-30 12:03:32,937 - root - INFO - Epoch: 100, Batch: 1/2, Disc Loss: -16.323278427124023, Accuracy: 1.0,  Gen Loss: -28.89055824279785,  MAE: 12.054595947265625,  Gen Sim Loss: 0.7760326862335205, GAN Loss: 241.5790557861328
2021-11-30 12:03:42,194 - root - INFO - Epoch: 100, Batch: 2/2, Disc Loss: -16.32557487487793, Accuracy: 1.0,  Gen Loss: -29.700485229492188,  MAE: 12.223915100097656,  Gen Sim Loss: 0.7661147713661194, GAN Loss: 244.94741821289062
2021-11-30 12:03:42,194 - root - INFO - Saving example of image generated at end of epoch 99...
2021-11-30 12:03:51,852 - root - INFO - Epoch: 101, Batch: 1/2, Disc Loss: -16.32503890991211, Accuracy: 1.0,  Gen Loss: -28.749170303344727,  MAE: 11.424924850463867,  Gen Sim Loss: 0.6975294351577759, GAN Loss: 228.90853881835938
2021-11-30 12:04:01,341 - root - INFO - Epoch: 101, Batch: 2/2, Disc Loss: -16.326526641845703, Accuracy: 1.0,  Gen Loss: -29.607290267944336,  MAE: 12.632508277893066,  Gen Sim Loss: 0.8034389615058899, GAN Loss: 253.1575164794922
2021-11-30 12:04:01,341 - root - INFO - Saving example of image generated at end of epoch 100...
2021-11-30 12:04:10,832 - root - INFO - Epoch: 102, Batch: 1/2, Disc Loss: -16.325429916381836, Accuracy: 1.0,  Gen Loss: -28.929931640625,  MAE: 12.360400199890137,  Gen Sim Loss: 0.7410709261894226, GAN Loss: 247.65975952148438
2021-11-30 12:04:20,171 - root - INFO - Epoch: 102, Batch: 2/2, Disc Loss: -16.328378677368164, Accuracy: 1.0,  Gen Loss: -29.097278594970703,  MAE: 11.918062210083008,  Gen Sim Loss: 0.7081615924835205, GAN Loss: 238.77841186523438
2021-11-30 12:04:20,171 - root - INFO - Saving example of image generated at end of epoch 101...
2021-11-30 12:04:29,826 - root - INFO - Epoch: 103, Batch: 1/2, Disc Loss: -16.321434020996094, Accuracy: 1.0,  Gen Loss: -30.149280548095703,  MAE: 10.827645301818848,  Gen Sim Loss: 0.7345382571220398, GAN Loss: 216.98593139648438
2021-11-30 12:04:39,715 - root - INFO - Epoch: 103, Batch: 2/2, Disc Loss: -16.329753875732422, Accuracy: 1.0,  Gen Loss: -29.534194946289062,  MAE: 10.792007446289062,  Gen Sim Loss: 0.7747572064399719, GAN Loss: 216.31954956054688
2021-11-30 12:04:39,716 - root - INFO - Saving example of image generated at end of epoch 102...
2021-11-30 12:04:49,213 - root - INFO - Epoch: 104, Batch: 1/2, Disc Loss: -16.33074378967285, Accuracy: 1.0,  Gen Loss: -30.45989990234375,  MAE: 11.388160705566406,  Gen Sim Loss: 0.7004255056381226, GAN Loss: 228.15902709960938
2021-11-30 12:04:58,679 - root - INFO - Epoch: 104, Batch: 2/2, Disc Loss: -16.325862884521484, Accuracy: 1.0,  Gen Loss: -29.226104736328125,  MAE: 11.385926246643066,  Gen Sim Loss: 0.8107539415359497, GAN Loss: 228.2370147705078
2021-11-30 12:04:58,680 - root - INFO - Saving example of image generated at end of epoch 103...
2021-11-30 12:05:08,475 - root - INFO - Epoch: 105, Batch: 1/2, Disc Loss: -16.325345993041992, Accuracy: 1.0,  Gen Loss: -30.892536163330078,  MAE: 12.845800399780273,  Gen Sim Loss: 0.7791012525558472, GAN Loss: 257.3861999511719
2021-11-30 12:05:18,091 - root - INFO - Epoch: 105, Batch: 2/2, Disc Loss: -16.32843017578125, Accuracy: 1.0,  Gen Loss: -29.57674217224121,  MAE: 13.315999984741211,  Gen Sim Loss: 0.7364807724952698, GAN Loss: 266.7607116699219
2021-11-30 12:05:18,092 - root - INFO - Saving example of image generated at end of epoch 104...
2021-11-30 12:05:27,750 - root - INFO - Epoch: 106, Batch: 1/2, Disc Loss: -16.325515747070312, Accuracy: 1.0,  Gen Loss: -30.580684661865234,  MAE: 13.320398330688477,  Gen Sim Loss: 0.738410472869873, GAN Loss: 266.840576171875
2021-11-30 12:05:37,290 - root - INFO - Epoch: 106, Batch: 2/2, Disc Loss: -16.331249237060547, Accuracy: 1.0,  Gen Loss: -29.828601837158203,  MAE: 11.967741966247559,  Gen Sim Loss: 0.7058239579200745, GAN Loss: 239.7623748779297
2021-11-30 12:05:37,290 - root - INFO - Saving example of image generated at end of epoch 105...
2021-11-30 12:05:46,827 - root - INFO - Epoch: 107, Batch: 1/2, Disc Loss: -16.329113006591797, Accuracy: 1.0,  Gen Loss: -30.6066837310791,  MAE: 11.048001289367676,  Gen Sim Loss: 0.7209055423736572, GAN Loss: 221.37484741210938
2021-11-30 12:05:56,406 - root - INFO - Epoch: 107, Batch: 2/2, Disc Loss: -16.327465057373047, Accuracy: 1.0,  Gen Loss: -30.163793563842773,  MAE: 11.741645812988281,  Gen Sim Loss: 0.8179535865783691, GAN Loss: 235.34921264648438
2021-11-30 12:05:56,406 - root - INFO - Saving example of image generated at end of epoch 106...
2021-11-30 12:06:06,061 - root - INFO - Epoch: 108, Batch: 1/2, Disc Loss: -16.325725555419922, Accuracy: 1.0,  Gen Loss: -30.79937171936035,  MAE: 11.785922050476074,  Gen Sim Loss: 0.7181892991065979, GAN Loss: 236.12863159179688
2021-11-30 12:06:15,387 - root - INFO - Epoch: 108, Batch: 2/2, Disc Loss: -16.329898834228516, Accuracy: 1.0,  Gen Loss: -29.4256649017334,  MAE: 11.748489379882812,  Gen Sim Loss: 0.8244937062263489, GAN Loss: 235.50003051757812
2021-11-30 12:06:15,387 - root - INFO - Saving example of image generated at end of epoch 107...
2021-11-30 12:06:25,044 - root - INFO - Epoch: 109, Batch: 1/2, Disc Loss: -16.33224868774414, Accuracy: 1.0,  Gen Loss: -30.595294952392578,  MAE: 12.20547866821289,  Gen Sim Loss: 0.7109173536300659, GAN Loss: 244.51455688476562
2021-11-30 12:06:34,517 - root - INFO - Epoch: 109, Batch: 2/2, Disc Loss: -16.32638168334961, Accuracy: 1.0,  Gen Loss: -30.264301300048828,  MAE: 11.074114799499512,  Gen Sim Loss: 0.7173564434051514, GAN Loss: 221.8970184326172
2021-11-30 12:06:34,517 - root - INFO - Saving example of image generated at end of epoch 108...
2021-11-30 12:06:44,094 - root - INFO - Epoch: 110, Batch: 1/2, Disc Loss: -16.331762313842773, Accuracy: 1.0,  Gen Loss: -29.89019203186035,  MAE: 13.909042358398438,  Gen Sim Loss: 0.7794283032417297, GAN Loss: 278.661376953125
2021-11-30 12:06:53,491 - root - INFO - Epoch: 110, Batch: 2/2, Disc Loss: -16.32869529724121, Accuracy: 1.0,  Gen Loss: -31.136157989501953,  MAE: 12.793261528015137,  Gen Sim Loss: 0.8504172563552856, GAN Loss: 256.404296875
2021-11-30 12:06:53,491 - root - INFO - Saving example of image generated at end of epoch 109...
2021-11-30 12:07:03,623 - root - INFO - Epoch: 111, Batch: 1/2, Disc Loss: -16.33218002319336, Accuracy: 1.0,  Gen Loss: -30.07733154296875,  MAE: 11.822897911071777,  Gen Sim Loss: 0.8002842664718628, GAN Loss: 236.9574737548828
2021-11-30 12:07:13,125 - root - INFO - Epoch: 111, Batch: 2/2, Disc Loss: -16.332048416137695, Accuracy: 1.0,  Gen Loss: -31.063465118408203,  MAE: 13.283523559570312,  Gen Sim Loss: 0.8546409606933594, GAN Loss: 266.2144775390625
2021-11-30 12:07:13,126 - root - INFO - Saving example of image generated at end of epoch 110...
2021-11-30 12:07:22,632 - root - INFO - Epoch: 112, Batch: 1/2, Disc Loss: -16.327896118164062, Accuracy: 1.0,  Gen Loss: -30.362285614013672,  MAE: 12.207456588745117,  Gen Sim Loss: 0.7484491467475891, GAN Loss: 244.59396362304688
2021-11-30 12:07:32,158 - root - INFO - Epoch: 112, Batch: 2/2, Disc Loss: -16.330398559570312, Accuracy: 1.0,  Gen Loss: -30.308429718017578,  MAE: 12.318923950195312,  Gen Sim Loss: 0.7874651551246643, GAN Loss: 246.8628387451172
2021-11-30 12:07:32,158 - root - INFO - Saving example of image generated at end of epoch 111...
2021-11-30 12:07:41,795 - root - INFO - Epoch: 113, Batch: 1/2, Disc Loss: -16.325313568115234, Accuracy: 1.0,  Gen Loss: -30.857852935791016,  MAE: 11.362045288085938,  Gen Sim Loss: 0.7238373160362244, GAN Loss: 227.65615844726562
2021-11-30 12:07:51,616 - root - INFO - Epoch: 113, Batch: 2/2, Disc Loss: -16.330520629882812, Accuracy: 1.0,  Gen Loss: -30.980297088623047,  MAE: 12.040411949157715,  Gen Sim Loss: 0.8511093258857727, GAN Loss: 241.3495635986328
2021-11-30 12:07:51,616 - root - INFO - Saving example of image generated at end of epoch 112...
2021-11-30 12:08:01,318 - root - INFO - Epoch: 114, Batch: 1/2, Disc Loss: -16.32695198059082, Accuracy: 1.0,  Gen Loss: -31.346965789794922,  MAE: 13.621999740600586,  Gen Sim Loss: 0.8601912260055542, GAN Loss: 272.9867248535156
2021-11-30 12:08:11,017 - root - INFO - Epoch: 114, Batch: 2/2, Disc Loss: -16.330997467041016, Accuracy: 1.0,  Gen Loss: -31.008508682250977,  MAE: 12.54252815246582,  Gen Sim Loss: 0.7344517111778259, GAN Loss: 251.27493286132812
2021-11-30 12:08:11,017 - root - INFO - Saving example of image generated at end of epoch 113...
2021-11-30 12:08:20,874 - root - INFO - Epoch: 115, Batch: 1/2, Disc Loss: -16.333675384521484, Accuracy: 1.0,  Gen Loss: -30.08213233947754,  MAE: 11.636469841003418,  Gen Sim Loss: 0.7866932153701782, GAN Loss: 233.2152862548828
2021-11-30 12:08:30,288 - root - INFO - Epoch: 115, Batch: 2/2, Disc Loss: -16.331920623779297, Accuracy: 1.0,  Gen Loss: -31.14322853088379,  MAE: 13.048357009887695,  Gen Sim Loss: 0.7949813604354858, GAN Loss: 261.45068359375
2021-11-30 12:08:30,288 - root - INFO - Saving example of image generated at end of epoch 114...
2021-11-30 12:08:39,606 - root - INFO - Epoch: 116, Batch: 1/2, Disc Loss: -16.334457397460938, Accuracy: 1.0,  Gen Loss: -30.635395050048828,  MAE: 12.251043319702148,  Gen Sim Loss: 0.6980703473091125, GAN Loss: 245.41259765625
2021-11-30 12:08:48,961 - root - INFO - Epoch: 116, Batch: 2/2, Disc Loss: -16.332759857177734, Accuracy: 1.0,  Gen Loss: -31.10663414001465,  MAE: 11.011249542236328,  Gen Sim Loss: 0.8060835003852844, GAN Loss: 220.72000122070312
2021-11-30 12:08:48,961 - root - INFO - Saving example of image generated at end of epoch 115...
2021-11-30 12:08:58,616 - root - INFO - Epoch: 117, Batch: 1/2, Disc Loss: -16.333744049072266, Accuracy: 1.0,  Gen Loss: -30.73671531677246,  MAE: 11.90259838104248,  Gen Sim Loss: 0.7241784930229187, GAN Loss: 238.46878051757812
2021-11-30 12:09:08,256 - root - INFO - Epoch: 117, Batch: 2/2, Disc Loss: -16.331226348876953, Accuracy: 1.0,  Gen Loss: -30.88437271118164,  MAE: 11.082271575927734,  Gen Sim Loss: 0.7303423285484314, GAN Loss: 222.06692504882812
2021-11-30 12:09:08,256 - root - INFO - Saving example of image generated at end of epoch 116...
2021-11-30 12:09:18,165 - root - INFO - Epoch: 118, Batch: 1/2, Disc Loss: -16.331680297851562, Accuracy: 1.0,  Gen Loss: -31.39423179626465,  MAE: 11.665725708007812,  Gen Sim Loss: 0.7596818804740906, GAN Loss: 233.76025390625
2021-11-30 12:09:27,975 - root - INFO - Epoch: 118, Batch: 2/2, Disc Loss: -16.329294204711914, Accuracy: 1.0,  Gen Loss: -31.899194717407227,  MAE: 12.100172996520996,  Gen Sim Loss: 0.6908643245697021, GAN Loss: 242.37533569335938
2021-11-30 12:09:27,975 - root - INFO - Saving example of image generated at end of epoch 117...
2021-11-30 12:09:37,947 - root - INFO - Epoch: 119, Batch: 1/2, Disc Loss: -16.329681396484375, Accuracy: 1.0,  Gen Loss: -31.12234115600586,  MAE: 12.921562194824219,  Gen Sim Loss: 0.731083333492279, GAN Loss: 258.8511047363281
2021-11-30 12:09:47,910 - root - INFO - Epoch: 119, Batch: 2/2, Disc Loss: -16.333026885986328, Accuracy: 1.0,  Gen Loss: -32.17499923706055,  MAE: 12.095597267150879,  Gen Sim Loss: 0.7002842426300049, GAN Loss: 242.2904815673828
2021-11-30 12:09:47,910 - root - INFO - Saving example of image generated at end of epoch 118...
2021-11-30 12:09:57,660 - root - INFO - Epoch: 120, Batch: 1/2, Disc Loss: -16.336299896240234, Accuracy: 1.0,  Gen Loss: -31.20062255859375,  MAE: 11.826985359191895,  Gen Sim Loss: 0.7147260904312134, GAN Loss: 236.9424285888672
2021-11-30 12:10:07,370 - root - INFO - Epoch: 120, Batch: 2/2, Disc Loss: -16.332508087158203, Accuracy: 1.0,  Gen Loss: -30.995153427124023,  MAE: 12.169039726257324,  Gen Sim Loss: 0.7292898893356323, GAN Loss: 243.80014038085938
2021-11-30 12:10:07,968 - root - INFO - Saving example of image generated at end of epoch 119...
2021-11-30 12:10:17,959 - root - INFO - Epoch: 121, Batch: 1/2, Disc Loss: -16.33241844177246, Accuracy: 1.0,  Gen Loss: -32.00122833251953,  MAE: 11.897306442260742,  Gen Sim Loss: 0.706395149230957, GAN Loss: 238.33251953125
2021-11-30 12:10:28,310 - root - INFO - Epoch: 121, Batch: 2/2, Disc Loss: -16.335506439208984, Accuracy: 1.0,  Gen Loss: -31.151561737060547,  MAE: 10.717977523803711,  Gen Sim Loss: 0.7725313901901245, GAN Loss: 214.82058715820312
2021-11-30 12:10:28,310 - root - INFO - Saving example of image generated at end of epoch 120...
2021-11-30 12:10:38,105 - root - INFO - Epoch: 122, Batch: 1/2, Disc Loss: -16.335119247436523, Accuracy: 1.0,  Gen Loss: -31.370594024658203,  MAE: 10.969207763671875,  Gen Sim Loss: 0.6994756460189819, GAN Loss: 219.76992797851562
2021-11-30 12:10:47,969 - root - INFO - Epoch: 122, Batch: 2/2, Disc Loss: -16.330732345581055, Accuracy: 1.0,  Gen Loss: -32.30876159667969,  MAE: 11.886929512023926,  Gen Sim Loss: 0.6764574646949768, GAN Loss: 238.09194946289062
2021-11-30 12:10:47,970 - root - INFO - Saving example of image generated at end of epoch 121...
2021-11-30 12:10:57,833 - root - INFO - Epoch: 123, Batch: 1/2, Disc Loss: -16.334766387939453, Accuracy: 1.0,  Gen Loss: -31.693675994873047,  MAE: 12.602804183959961,  Gen Sim Loss: 0.7191833257675171, GAN Loss: 252.45834350585938
2021-11-30 12:11:07,803 - root - INFO - Epoch: 123, Batch: 2/2, Disc Loss: -16.334056854248047, Accuracy: 1.0,  Gen Loss: -32.35022735595703,  MAE: 10.82314682006836,  Gen Sim Loss: 0.8371316194534302, GAN Loss: 216.9765625
2021-11-30 12:11:07,803 - root - INFO - Saving example of image generated at end of epoch 122...
2021-11-30 12:11:20,263 - root - INFO - Epoch: 124, Batch: 1/2, Disc Loss: -16.331645965576172, Accuracy: 1.0,  Gen Loss: -32.41762161254883,  MAE: 11.10806655883789,  Gen Sim Loss: 0.7002120018005371, GAN Loss: 222.53738403320312
